[35m[1mConsolidate compiler generated dependencies of target moveit_task_constructor_capabilities[0m
[ 50%] [32mBuilding CXX object CMakeFiles/moveit_task_constructor_capabilities.dir/src/execute_task_solution_capability.cpp.o[0m
[01m[K/home/tyler/mycobot_ROS2/moveit_tutorial_ws/src/moveit_task_constructor/capabilities/src/execute_task_solution_capability.cpp:[m[K In member function â€˜[01m[Kbool move_group::ExecuteTaskSolutionCapability::constructMotionPlan(const Solution&, plan_execution::ExecutableMotionPlan&)[m[Kâ€™:
[01m[K/home/tyler/mycobot_ROS2/moveit_tutorial_ws/src/moveit_task_constructor/capabilities/src/execute_task_solution_capability.cpp:150:72:[m[K [01;31m[Kerror: [m[Kâ€˜[01m[Kstruct plan_execution::ExecutableMotionPlan[m[Kâ€™ has no member named â€˜[01m[Kplan_components[m[Kâ€™; did you mean â€˜[01m[Kplan_components_[m[Kâ€™?
  150 |                 plan_execution::ExecutableTrajectory& exec_traj = plan.[01;31m[Kplan_components[m[K.back();
      |                                                                        [01;31m[K^~~~~~~~~~~~~~~[m[K
      |                                                                        [32m[Kplan_components_[m[K
gmake[2]: *** [CMakeFiles/moveit_task_constructor_capabilities.dir/build.make:76: CMakeFiles/moveit_task_constructor_capabilities.dir/src/execute_task_solution_capability.cpp.o] Error 1
gmake[1]: *** [CMakeFiles/Makefile2:137: CMakeFiles/moveit_task_constructor_capabilities.dir/all] Error 2
gmake: *** [Makefile:146: all] Error 2
