[0mmoveit_task_constructor_capabilities: You did not request a specific build type: Choosing 'Release' for maximum performance[0m
[01m[K/home/tyler/mycobot_ROS2/moveit_tutorial_ws/src/moveit_task_constructor/capabilities/src/execute_task_solution_capability.cpp:[m[K In member function â€˜[01m[Kbool move_group::ExecuteTaskSolutionCapability::constructMotionPlan(const Solution&, plan_execution::ExecutableMotionPlan&)[m[Kâ€™:
[01m[K/home/tyler/mycobot_ROS2/moveit_tutorial_ws/src/moveit_task_constructor/capabilities/src/execute_task_solution_capability.cpp:145:14:[m[K [01;31m[Kerror: [m[Kâ€˜[01m[Kstruct plan_execution::ExecutableMotionPlan[m[Kâ€™ has no member named â€˜[01m[Kplan_components[m[Kâ€™; did you mean â€˜[01m[Kplan_components_[m[Kâ€™?
  145 |         plan.[01;31m[Kplan_components[m[K.reserve(solution.sub_trajectory.size());
      |              [01;31m[K^~~~~~~~~~~~~~~[m[K
      |              [32m[Kplan_components_[m[K
[01m[K/home/tyler/mycobot_ROS2/moveit_tutorial_ws/src/moveit_task_constructor/capabilities/src/execute_task_solution_capability.cpp:149:22:[m[K [01;31m[Kerror: [m[Kâ€˜[01m[Kstruct plan_execution::ExecutableMotionPlan[m[Kâ€™ has no member named â€˜[01m[Kplan_components[m[Kâ€™; did you mean â€˜[01m[Kplan_components_[m[Kâ€™?
  149 |                 plan.[01;31m[Kplan_components[m[K.emplace_back();
      |                      [01;31m[K^~~~~~~~~~~~~~~[m[K
      |                      [32m[Kplan_components_[m[K
[01m[K/home/tyler/mycobot_ROS2/moveit_tutorial_ws/src/moveit_task_constructor/capabilities/src/execute_task_solution_capability.cpp:150:72:[m[K [01;31m[Kerror: [m[Kâ€˜[01m[Kstruct plan_execution::ExecutableMotionPlan[m[Kâ€™ has no member named â€˜[01m[Kplan_components[m[Kâ€™; did you mean â€˜[01m[Kplan_components_[m[Kâ€™?
  150 |                 plan_execution::ExecutableTrajectory& exec_traj = plan.[01;31m[Kplan_components[m[K.back();
      |                                                                        [01;31m[K^~~~~~~~~~~~~~~[m[K
      |                                                                        [32m[Kplan_components_[m[K
[01m[K/home/tyler/mycobot_ROS2/moveit_tutorial_ws/src/moveit_task_constructor/capabilities/src/execute_task_solution_capability.cpp:154:27:[m[K [01;31m[Kerror: [m[Kâ€˜[01m[Kstruct plan_execution::ExecutableTrajectory[m[Kâ€™ has no member named â€˜[01m[Kdescription[m[Kâ€™; did you mean â€˜[01m[Kdescription_[m[Kâ€™?
  154 |                 exec_traj.[01;31m[Kdescription[m[K = description;
      |                           [01;31m[K^~~~~~~~~~~[m[K
      |                           [32m[Kdescription_[m[K
[01m[K/home/tyler/mycobot_ROS2/moveit_tutorial_ws/src/moveit_task_constructor/capabilities/src/execute_task_solution_capability.cpp:171:27:[m[K [01;31m[Kerror: [m[Kâ€˜[01m[Kstruct plan_execution::ExecutableTrajectory[m[Kâ€™ has no member named â€˜[01m[Ktrajectory[m[Kâ€™; did you mean â€˜[01m[Ktrajectory_[m[Kâ€™?
  171 |                 exec_traj.[01;31m[Ktrajectory[m[K = std::make_shared<robot_trajectory::RobotTrajectory>(model, group);
      |                           [01;31m[K^~~~~~~~~~[m[K
      |                           [32m[Ktrajectory_[m[K
[01m[K/home/tyler/mycobot_ROS2/moveit_tutorial_ws/src/moveit_task_constructor/capabilities/src/execute_task_solution_capability.cpp:172:27:[m[K [01;31m[Kerror: [m[Kâ€˜[01m[Kstruct plan_execution::ExecutableTrajectory[m[Kâ€™ has no member named â€˜[01m[Ktrajectory[m[Kâ€™; did you mean â€˜[01m[Ktrajectory_[m[Kâ€™?
  172 |                 exec_traj.[01;31m[Ktrajectory[m[K->setRobotTrajectoryMsg(state, sub_traj.trajectory);
      |                           [01;31m[K^~~~~~~~~~[m[K
      |                           [32m[Ktrajectory_[m[K
[01m[K/home/tyler/mycobot_ROS2/moveit_tutorial_ws/src/moveit_task_constructor/capabilities/src/execute_task_solution_capability.cpp:175:27:[m[K [01;31m[Kerror: [m[Kâ€˜[01m[Kstruct plan_execution::ExecutableTrajectory[m[Kâ€™ has no member named â€˜[01m[Keffect_on_success[m[Kâ€™; did you mean â€˜[01m[Keffect_on_success_[m[Kâ€™?
  175 |                 exec_traj.[01;31m[Keffect_on_success[m[K = [this, sub_traj,
      |                           [01;31m[K^~~~~~~~~~~~~~~~~[m[K
      |                           [32m[Keffect_on_success_[m[K
gmake[2]: *** [CMakeFiles/moveit_task_constructor_capabilities.dir/build.make:76: CMakeFiles/moveit_task_constructor_capabilities.dir/src/execute_task_solution_capability.cpp.o] Error 1
gmake[1]: *** [CMakeFiles/Makefile2:137: CMakeFiles/moveit_task_constructor_capabilities.dir/all] Error 2
gmake: *** [Makefile:146: all] Error 2
