-- The C compiler identification is GNU 11.4.0
-- The CXX compiler identification is GNU 11.4.0
-- Detecting C compiler ABI info
-- Detecting C compiler ABI info - done
-- Check for working C compiler: /usr/bin/cc - skipped
-- Detecting C compile features
-- Detecting C compile features - done
-- Detecting CXX compiler ABI info
-- Detecting CXX compiler ABI info - done
-- Check for working CXX compiler: /usr/bin/c++ - skipped
-- Detecting CXX compile features
-- Detecting CXX compile features - done
-- Found ament_cmake: 1.3.5 (/opt/ros/humble/share/ament_cmake/cmake)
-- Found Python3: /usr/bin/python3.10 (found version "3.10.12") found components: Interpreter 
-- Found Boost: /usr/lib/x86_64-linux-gnu/cmake/Boost-1.74.0/BoostConfig.cmake (found version "1.74.0")  
-- Found moveit_common: 2.8.0 (/home/tyler/mycobot_ROS2/moveit_tutorial_ws/install/moveit_common/share/moveit_common/cmake)
-- Found libdw: /usr/lib/x86_64-linux-gnu/libdw.so  
-- Could NOT find libbfd (missing: LIBBFD_LIBRARY LIBBFD_INCLUDE_DIR) 
-- BACKWARD_HAS_UNWIND=1
-- BACKWARD_HAS_BACKTRACE=0
-- BACKWARD_HAS_BACKTRACE_SYMBOL=0
-- BACKWARD_HAS_DW=1
-- BACKWARD_HAS_BFD=0
-- Found Backward: /opt/ros/humble/share/backward_ros/cmake  
[0mmoveit_task_constructor_capabilities: You did not request a specific build type: Choosing 'Release' for maximum performance[0m
-- Found moveit_core: 2.8.0 (/home/tyler/mycobot_ROS2/moveit_tutorial_ws/install/moveit_core/share/moveit_core/cmake)
-- Found Boost: /usr/lib/x86_64-linux-gnu/cmake/Boost-1.74.0/BoostConfig.cmake (found version "1.74.0") found components: chrono date_time filesystem iostreams program_options regex serialization system thread 
-- Found parameter_traits: 0.3.6 (/opt/ros/humble/share/parameter_traits/cmake)
-- Found rosidl_generator_c: 3.1.5 (/opt/ros/humble/share/rosidl_generator_c/cmake)
-- Found rosidl_adapter: 3.1.5 (/opt/ros/humble/share/rosidl_adapter/cmake)
-- Found rosidl_generator_cpp: 3.1.5 (/opt/ros/humble/share/rosidl_generator_cpp/cmake)
-- Using all available rosidl_typesupport_c: rosidl_typesupport_fastrtps_c;rosidl_typesupport_introspection_c
-- Using all available rosidl_typesupport_cpp: rosidl_typesupport_fastrtps_cpp;rosidl_typesupport_introspection_cpp
-- Found rmw_implementation_cmake: 6.1.1 (/opt/ros/humble/share/rmw_implementation_cmake/cmake)
-- Found rmw_fastrtps_cpp: 6.2.4 (/opt/ros/humble/share/rmw_fastrtps_cpp/cmake)
-- Found OpenSSL: /usr/lib/x86_64-linux-gnu/libcrypto.so (found version "3.0.2")  
-- Found FastRTPS: /opt/ros/humble/include  
-- Using RMW implementation 'rmw_fastrtps_cpp' as default
-- Found Threads: TRUE  
-- Found rclcpp_lifecycle: 16.0.6 (/opt/ros/humble/share/rclcpp_lifecycle/cmake)
-- Found Boost: /usr/lib/x86_64-linux-gnu/cmake/Boost-1.74.0/BoostConfig.cmake (found version "1.74.0") found components: filesystem 
-- library: /usr/lib/x86_64-linux-gnu/libcurl.so
-- Found Eigen3: TRUE (found version "3.4.0") 
-- Ensuring Eigen3 include directory is part of orocos-kdl CMake target
-- Found moveit_ros_move_group: 2.8.0 (/home/tyler/mycobot_ROS2/moveit_tutorial_ws/install/moveit_ros_move_group/share/moveit_ros_move_group/cmake)
-- Found Boost: /usr/lib/x86_64-linux-gnu/cmake/Boost-1.74.0/BoostConfig.cmake (found version "1.74.0") found components: system filesystem date_time program_options thread 
-- Found Boost: /usr/lib/x86_64-linux-gnu/cmake/Boost-1.74.0/BoostConfig.cmake (found version "1.74.0") found components: system filesystem date_time program_options thread chrono 
-- Found moveit_task_constructor_msgs: 0.1.3 (/home/tyler/mycobot_ROS2/moveit_tutorial_ws/install/moveit_task_constructor_msgs/share/moveit_task_constructor_msgs/cmake)
-- Configuring done
-- Generating done
-- Build files have been written to: /home/tyler/mycobot_ROS2/moveit_tutorial_ws/build/moveit_task_constructor_capabilities
[ 50%] [32mBuilding CXX object CMakeFiles/moveit_task_constructor_capabilities.dir/src/execute_task_solution_capability.cpp.o[0m
[01m[K/home/tyler/mycobot_ROS2/moveit_tutorial_ws/src/moveit_task_constructor/capabilities/src/execute_task_solution_capability.cpp:[m[K In member function â€˜[01m[Kbool move_group::ExecuteTaskSolutionCapability::constructMotionPlan(const Solution&, plan_execution::ExecutableMotionPlan&)[m[Kâ€™:
[01m[K/home/tyler/mycobot_ROS2/moveit_tutorial_ws/src/moveit_task_constructor/capabilities/src/execute_task_solution_capability.cpp:145:14:[m[K [01;31m[Kerror: [m[Kâ€˜[01m[Kstruct plan_execution::ExecutableMotionPlan[m[Kâ€™ has no member named â€˜[01m[Kplan_components[m[Kâ€™; did you mean â€˜[01m[Kplan_components_[m[Kâ€™?
  145 |         plan.[01;31m[Kplan_components[m[K.reserve(solution.sub_trajectory.size());
      |              [01;31m[K^~~~~~~~~~~~~~~[m[K
      |              [32m[Kplan_components_[m[K
[01m[K/home/tyler/mycobot_ROS2/moveit_tutorial_ws/src/moveit_task_constructor/capabilities/src/execute_task_solution_capability.cpp:149:22:[m[K [01;31m[Kerror: [m[Kâ€˜[01m[Kstruct plan_execution::ExecutableMotionPlan[m[Kâ€™ has no member named â€˜[01m[Kplan_components[m[Kâ€™; did you mean â€˜[01m[Kplan_components_[m[Kâ€™?
  149 |                 plan.[01;31m[Kplan_components[m[K.emplace_back();
      |                      [01;31m[K^~~~~~~~~~~~~~~[m[K
      |                      [32m[Kplan_components_[m[K
[01m[K/home/tyler/mycobot_ROS2/moveit_tutorial_ws/src/moveit_task_constructor/capabilities/src/execute_task_solution_capability.cpp:150:72:[m[K [01;31m[Kerror: [m[Kâ€˜[01m[Kstruct plan_execution::ExecutableMotionPlan[m[Kâ€™ has no member named â€˜[01m[Kplan_components[m[Kâ€™; did you mean â€˜[01m[Kplan_components_[m[Kâ€™?
  150 |                 plan_execution::ExecutableTrajectory& exec_traj = plan.[01;31m[Kplan_components[m[K.back();
      |                                                                        [01;31m[K^~~~~~~~~~~~~~~[m[K
      |                                                                        [32m[Kplan_components_[m[K
[01m[K/home/tyler/mycobot_ROS2/moveit_tutorial_ws/src/moveit_task_constructor/capabilities/src/execute_task_solution_capability.cpp:154:27:[m[K [01;31m[Kerror: [m[Kâ€˜[01m[Kstruct plan_execution::ExecutableTrajectory[m[Kâ€™ has no member named â€˜[01m[Kdescription[m[Kâ€™; did you mean â€˜[01m[Kdescription_[m[Kâ€™?
  154 |                 exec_traj.[01;31m[Kdescription[m[K = description;
      |                           [01;31m[K^~~~~~~~~~~[m[K
      |                           [32m[Kdescription_[m[K
[01m[K/home/tyler/mycobot_ROS2/moveit_tutorial_ws/src/moveit_task_constructor/capabilities/src/execute_task_solution_capability.cpp:171:27:[m[K [01;31m[Kerror: [m[Kâ€˜[01m[Kstruct plan_execution::ExecutableTrajectory[m[Kâ€™ has no member named â€˜[01m[Ktrajectory[m[Kâ€™; did you mean â€˜[01m[Ktrajectory_[m[Kâ€™?
  171 |                 exec_traj.[01;31m[Ktrajectory[m[K = std::make_shared<robot_trajectory::RobotTrajectory>(model, group);
      |                           [01;31m[K^~~~~~~~~~[m[K
      |                           [32m[Ktrajectory_[m[K
[01m[K/home/tyler/mycobot_ROS2/moveit_tutorial_ws/src/moveit_task_constructor/capabilities/src/execute_task_solution_capability.cpp:172:27:[m[K [01;31m[Kerror: [m[Kâ€˜[01m[Kstruct plan_execution::ExecutableTrajectory[m[Kâ€™ has no member named â€˜[01m[Ktrajectory[m[Kâ€™; did you mean â€˜[01m[Ktrajectory_[m[Kâ€™?
  172 |                 exec_traj.[01;31m[Ktrajectory[m[K->setRobotTrajectoryMsg(state, sub_traj.trajectory);
      |                           [01;31m[K^~~~~~~~~~[m[K
      |                           [32m[Ktrajectory_[m[K
[01m[K/home/tyler/mycobot_ROS2/moveit_tutorial_ws/src/moveit_task_constructor/capabilities/src/execute_task_solution_capability.cpp:175:27:[m[K [01;31m[Kerror: [m[Kâ€˜[01m[Kstruct plan_execution::ExecutableTrajectory[m[Kâ€™ has no member named â€˜[01m[Keffect_on_success[m[Kâ€™; did you mean â€˜[01m[Keffect_on_success_[m[Kâ€™?
  175 |                 exec_traj.[01;31m[Keffect_on_success[m[K = [this, sub_traj,
      |                           [01;31m[K^~~~~~~~~~~~~~~~~[m[K
      |                           [32m[Keffect_on_success_[m[K
gmake[2]: *** [CMakeFiles/moveit_task_constructor_capabilities.dir/build.make:76: CMakeFiles/moveit_task_constructor_capabilities.dir/src/execute_task_solution_capability.cpp.o] Error 1
gmake[1]: *** [CMakeFiles/Makefile2:137: CMakeFiles/moveit_task_constructor_capabilities.dir/all] Error 2
gmake: *** [Makefile:146: all] Error 2
