[35m[1mConsolidate compiler generated dependencies of target gtest_main[0m
[  4%] Built target kdl_kinematics_parameters
[  8%] [32mBuilding CXX object gtest/CMakeFiles/gtest.dir/src/gtest-all.cc.o[0m
[ 17%] Built target cached_ik_kinematics_parameters
[ 17%] Built target srv_kinematics_parameters
[ 21%] Built target lma_kinematics_parameters
[ 26%] [32mBuilding CXX object test/CMakeFiles/benchmark_ik.dir/benchmark_ik.cpp.o[0m
[ 34%] Built target gtest_main
[ 39%] [32mBuilding CXX object srv_kinematics_plugin/CMakeFiles/moveit_srv_kinematics_plugin.dir/src/srv_kinematics_plugin.cpp.o[0m
[ 43%] [32mBuilding CXX object kdl_kinematics_plugin/CMakeFiles/moveit_kdl_kinematics_plugin.dir/src/chainiksolver_vel_mimic_svd.cpp.o[0m
[ 47%] [32mBuilding CXX object kdl_kinematics_plugin/CMakeFiles/moveit_kdl_kinematics_plugin.dir/src/kdl_kinematics_plugin.cpp.o[0m
[ 52%] [32mBuilding CXX object lma_kinematics_plugin/CMakeFiles/moveit_lma_kinematics_plugin.dir/src/lma_kinematics_plugin.cpp.o[0m
[01m[Kc++:[m[K [01;31m[Kfatal error: [m[KKilled signal terminated program cc1plus
compilation terminated.
gmake[2]: *** [test/CMakeFiles/benchmark_ik.dir/build.make:76: test/CMakeFiles/benchmark_ik.dir/benchmark_ik.cpp.o] Error 1
gmake[1]: *** [CMakeFiles/Makefile2:542: test/CMakeFiles/benchmark_ik.dir/all] Error 2
gmake[1]: *** Waiting for unfinished jobs....
